-Xajruntimetarget:1.5
-1.8
-encoding
UTF-8
-source
1.8
-target
1.8
-classpath
/home/ec2-user/.m2/repository/junit/junit/3.8.1/junit-3.8.1.jar:/home/ec2-user/.m2/repository/org/aspectj/aspectjrt/1.8.10/aspectjrt-1.8.10.jar:/home/ec2-user/.m2/repository/org/aspectj/aspectjweaver/1.8.10/aspectjweaver-1.8.10.jar:/home/ec2-user/.m2/repository/net/sourceforge/plantuml/plantuml/8056/plantuml-8056.jar:/home/ec2-user/UMLParserTenant2/SequenceDiagramGenerator/target/classes
-d
/home/ec2-user/UMLParserTenant2/SequenceDiagramGenerator/target/classes
/home/ec2-user/UMLParserTenant2/SequenceDiagramGenerator/src/main/java/TheEconomy.java
/home/ec2-user/UMLParserTenant2/SequenceDiagramGenerator/src/main/java/Main.java
/home/ec2-user/UMLParserTenant2/SequenceDiagramGenerator/src/main/java/Pessimist.java
/home/ec2-user/UMLParserTenant2/SequenceDiagramGenerator/src/main/java/ConcreteObserver.java
/home/ec2-user/UMLParserTenant2/SequenceDiagramGenerator/src/main/java/ConcreteSubject.java
/home/ec2-user/UMLParserTenant2/SequenceDiagramGenerator/src/main/java/Observer.java
/home/ec2-user/UMLParserTenant2/SequenceDiagramGenerator/src/main/java/SequenceDiagramGenerator.aj
/home/ec2-user/UMLParserTenant2/SequenceDiagramGenerator/src/main/java/Subject.java
/home/ec2-user/UMLParserTenant2/SequenceDiagramGenerator/src/main/java/Optimist.java
